[0m15:29:24.047594 [debug] [MainThread]: Sending event: {'category': 'dbt', 'action': 'invocation', 'label': 'start', 'context': [<snowplow_tracker.self_describing_json.SelfDescribingJson object at 0x11223fa70>, <snowplow_tracker.self_describing_json.SelfDescribingJson object at 0x11228f530>, <snowplow_tracker.self_describing_json.SelfDescribingJson object at 0x11228f1d0>]}


============================== 15:29:24.049814 | a4a0979b-d2f2-42bf-baf7-8fc69f2fa8cb ==============================
[0m15:29:24.049814 [info ] [MainThread]: Running with dbt=1.7.14
[0m15:29:24.050076 [debug] [MainThread]: running dbt with arguments {'printer_width': '80', 'indirect_selection': 'eager', 'write_json': 'True', 'log_cache_events': 'False', 'partial_parse': 'True', 'cache_selected_only': 'False', 'profiles_dir': '/Users/adamcml/.dbt', 'version_check': 'True', 'warn_error': 'None', 'log_path': 'logs', 'fail_fast': 'False', 'debug': 'False', 'use_colors': 'True', 'use_experimental_parser': 'False', 'no_print': 'None', 'quiet': 'False', 'log_format': 'default', 'introspect': 'True', 'invocation_command': 'dbt init', 'static_parser': 'True', 'target_path': 'None', 'warn_error_options': 'WarnErrorOptions(include=[], exclude=[])', 'send_anonymous_usage_stats': 'True'}
[0m15:29:24.050409 [warn ] [MainThread]: [ConfigFolderDirectory]: Unable to parse dict {'dir': PosixPath('/Users/adamcml/.dbt')}
[0m15:29:24.050607 [info ] [MainThread]: Creating dbt configuration folder at 
[0m15:29:39.222146 [debug] [MainThread]: Starter project path: /Users/adamcml/Documents/Projects/dbt-env/lib/python3.12/site-packages/dbt/include/starter_project
[0m15:29:39.233437 [info ] [MainThread]: 
Your new dbt project "data_pipeline" was created!

For more information on how to configure the profiles.yml file,
please consult the dbt documentation here:

  https://docs.getdbt.com/docs/configure-your-profile

One more thing:

Need help? Don't hesitate to reach out to us via GitHub issues or on Slack:

  https://community.getdbt.com/

Happy modeling!

[0m15:29:39.234231 [info ] [MainThread]: Setting up your profile.
[0m15:32:20.672512 [info ] [MainThread]: Profile data_pipeline written to /Users/adamcml/.dbt/profiles.yml using target's profile_template.yml and your supplied values. Run 'dbt debug' to validate the connection.
[0m15:32:20.705936 [debug] [MainThread]: Resource report: {"command_name": "init", "command_success": true, "command_wall_clock_time": 176.67976, "process_user_time": 0.845895, "process_kernel_time": 0.117247, "process_mem_max_rss": "114786304", "process_in_blocks": "0", "process_out_blocks": "0"}
[0m15:32:20.706748 [debug] [MainThread]: Command `dbt init` succeeded at 15:32:20.706582 after 176.68 seconds
[0m15:32:20.707174 [debug] [MainThread]: Sending event: {'category': 'dbt', 'action': 'invocation', 'label': 'end', 'context': [<snowplow_tracker.self_describing_json.SelfDescribingJson object at 0x111218770>, <snowplow_tracker.self_describing_json.SelfDescribingJson object at 0x1122b4ad0>, <snowplow_tracker.self_describing_json.SelfDescribingJson object at 0x1122b7a70>]}
[0m15:32:20.707602 [debug] [MainThread]: Flushing usage events
